============================= test session starts =============================
platform win32 -- Python 3.13.11, pytest-9.0.2, pluggy-1.5.0
rootdir: D:\docker\atas-market-structure
configfile: pyproject.toml
plugins: anyio-4.12.1
collected 0 items / 1 error

=================================== ERRORS ====================================
_____________________ ERROR collecting tests/test_app.py ______________________
ImportError while importing test module 'D:\docker\atas-market-structure\tests\test_app.py'.
Hint: make sure your test modules/packages have valid Python names.
Traceback:
C:\Users\666\miniconda3\Lib\importlib\__init__.py:88: in import_module
    return _bootstrap._gcd_import(name[level:], package, level)
           ^^^^^^^^^^^^^^^^^^^^^^^^^^^^^^^^^^^^^^^^^^^^^^^^^^^^
tests\test_app.py:9: in <module>
    from atas_market_structure.ai_review_services import ReplayAiChatService, ReplayAiReviewService
E   ModuleNotFoundError: No module named 'atas_market_structure'
=========================== short test summary info ===========================
ERROR tests/test_app.py
!!!!!!!!!!!!!!!!!!! Interrupted: 1 error during collection !!!!!!!!!!!!!!!!!!!!
============================== 1 error in 0.08s ===============================
